
An unexpected exception has been detected in native code outside the VM.
Unexpected Signal : EXCEPTION_ACCESS_VIOLATION (0xc0000005) occurred at PC=0x7829AF30
Function=Java_sun_java2d_loops_MaskFill_MaskFill+0x6800
Library=C:\MATLAB701\sys\java\jre\win32\jre1.4.2_04\bin\awt.dll

Current Java thread:
	at sun.java2d.loops.Blit.Blit(Native Method)
	at sun.java2d.pipe.DrawImage.blitSurfaceData(Unknown Source)
	at sun.java2d.pipe.DrawImage.renderSurfaceData(Unknown Source)
	at sun.java2d.pipe.DrawImage.copyImage(Unknown Source)
	at sun.java2d.pipe.DrawImage.copyImage(Unknown Source)
	at sun.java2d.pipe.DrawImage.copyImage(Unknown Source)
	at sun.java2d.pipe.ValidatePipe.copyImage(Unknown Source)
	at sun.java2d.SunGraphics2D.drawImage(Unknown Source)
	at sun.java2d.SunGraphics2D.drawImage(Unknown Source)
	at javax.swing.JComponent.paintWithOffscreenBuffer(Unknown Source)
	at javax.swing.JComponent.paintDoubleBuffered(Unknown Source)
	at javax.swing.JComponent._paintImmediately(Unknown Source)
	at javax.swing.JComponent.paintImmediately(Unknown Source)
	at javax.swing.RepaintManager.paintDirtyRegions(Unknown Source)
	at javax.swing.SystemEventQueueUtilities$ComponentWorkRequest.run(Unknown Source)
	at java.awt.event.InvocationEvent.dispatch(Unknown Source)
	at java.awt.EventQueue.dispatchEvent(Unknown Source)
	at java.awt.EventDispatchThread.pumpOneEventForHierarchy(Unknown Source)
	at java.awt.EventDispatchThread.pumpEventsForHierarchy(Unknown Source)
	at java.awt.EventDispatchThread.pumpEvents(Unknown Source)
	at java.awt.EventDispatchThread.pumpEvents(Unknown Source)
	at java.awt.EventDispatchThread.run(Unknown Source)

Dynamic libraries:
0x00400000 - 0x004D8000 	C:\MATLAB701\bin\win32\MATLAB.exe
0x7C900000 - 0x7C9B0000 	C:\WINDOWS\system32\ntdll.dll
0x7C800000 - 0x7C8F4000 	C:\WINDOWS\system32\kernel32.dll
0x787D0000 - 0x787DE000 	C:\MATLAB701\bin\win32\libmex.dll
0x78790000 - 0x787C8000 	C:\MATLAB701\bin\win32\libmx.dll
0x78500000 - 0x78576000 	C:\MATLAB701\bin\win32\icuuc24.dll
0x78430000 - 0x78435000 	C:\MATLAB701\bin\win32\icudt24l.dll
0x7C340000 - 0x7C396000 	C:\MATLAB701\bin\win32\MSVCR71.dll
0x786E0000 - 0x786F2000 	C:\MATLAB701\bin\win32\libz.dll
0x77C10000 - 0x77C68000 	C:\WINDOWS\system32\MSVCRT.dll
0x78700000 - 0x7878D000 	C:\MATLAB701\bin\win32\libut.dll
0x76C90000 - 0x76CB8000 	C:\WINDOWS\system32\imagehlp.dll
0x78440000 - 0x784C2000 	C:\MATLAB701\bin\win32\icuin24.dll
0x784D0000 - 0x784DD000 	C:\MATLAB701\bin\win32\icuio24.dll
0x7C3A0000 - 0x7C41B000 	C:\MATLAB701\bin\win32\MSVCP71.dll
0x77DD0000 - 0x77E6B000 	C:\WINDOWS\system32\ADVAPI32.dll
0x77E70000 - 0x77F01000 	C:\WINDOWS\system32\RPCRT4.dll
0x774E0000 - 0x7761C000 	C:\WINDOWS\system32\ole32.dll
0x77F10000 - 0x77F56000 	C:\WINDOWS\system32\GDI32.dll
0x77D40000 - 0x77DD0000 	C:\WINDOWS\system32\USER32.dll
0x77120000 - 0x771AC000 	C:\WINDOWS\system32\OLEAUT32.dll
0x78F80000 - 0x78FE7000 	C:\MATLAB701\bin\win32\libmwservices.dll
0x78800000 - 0x78815000 	C:\MATLAB701\bin\win32\mpath.dll
0x78930000 - 0x78996000 	C:\MATLAB701\bin\win32\m_dispatcher.dll
0x78580000 - 0x786D6000 	C:\MATLAB701\bin\win32\xerces-c_2_1_0.dll
0x78F60000 - 0x78F71000 	C:\MATLAB701\bin\win32\datasvcs.dll
0x787F0000 - 0x787FE000 	C:\MATLAB701\bin\win32\mvalue.dll
0x787E0000 - 0x787E9000 	C:\MATLAB701\bin\win32\libmat.dll
0x79300000 - 0x7939E000 	C:\MATLAB701\bin\win32\mcr.dll
0x763B0000 - 0x763F9000 	C:\WINDOWS\system32\comdlg32.dll
0x77F60000 - 0x77FD6000 	C:\WINDOWS\system32\SHLWAPI.dll
0x5D090000 - 0x5D127000 	C:\WINDOWS\system32\COMCTL32.dll
0x7C9C0000 - 0x7D1D4000 	C:\WINDOWS\system32\SHELL32.dll
0x79B90000 - 0x79BC6000 	C:\MATLAB701\bin\win32\comcli.dll
0x79030000 - 0x790AB000 	C:\MATLAB701\bin\win32\uiw.dll
0x789A0000 - 0x78C4C000 	C:\MATLAB701\bin\win32\m_interpreter.dll
0x78EC0000 - 0x78ECF000 	C:\MATLAB701\bin\win32\m_pcodeio.dll
0x78EE0000 - 0x78F53000 	C:\MATLAB701\bin\win32\mlib.dll
0x78EA0000 - 0x78EB1000 	C:\MATLAB701\bin\win32\m_pcodegen.dll
0x78E40000 - 0x78E95000 	C:\MATLAB701\bin\win32\m_ir.dll
0x78C50000 - 0x78E3E000 	C:\MATLAB701\bin\win32\m_parser.dll
0x78ED0000 - 0x78EDA000 	C:\MATLAB701\bin\win32\ir_xfmr.dll
0x78820000 - 0x788A7000 	C:\MATLAB701\bin\win32\mcos.dll
0x792D0000 - 0x792FA000 	C:\MATLAB701\bin\win32\libmwhardcopy.dll
0x790E0000 - 0x79156000 	C:\MATLAB701\bin\win32\libmwgui.dll
0x788B0000 - 0x7892E000 	C:\MATLAB701\bin\win32\udd.dll
0x79C10000 - 0x79D38000 	C:\MATLAB701\bin\win32\bridge.dll
0x77C00000 - 0x77C08000 	C:\WINDOWS\system32\VERSION.dll
0x79160000 - 0x792A4000 	C:\MATLAB701\bin\win32\hg.dll
0x793A0000 - 0x794C5000 	C:\MATLAB701\bin\win32\numerics.dll
0x10000000 - 0x10007000 	C:\MATLAB701\bin\win32\libmwamd.dll
0x79510000 - 0x79596000 	C:\MATLAB701\bin\win32\libfftw3.dll
0x795A0000 - 0x79621000 	C:\MATLAB701\bin\win32\libfftw3f.dll
0x794D0000 - 0x794EC000 	C:\MATLAB701\bin\win32\libmwlapack.dll
0x00220000 - 0x00275000 	C:\MATLAB701\bin\win32\libmwumfpackv4.3.dll
0x790B0000 - 0x790CC000 	C:\MATLAB701\bin\win32\libuij.dll
0x79B60000 - 0x79B8C000 	C:\MATLAB701\bin\win32\jmi.dll
0x7C140000 - 0x7C243000 	C:\MATLAB701\bin\win32\MFC71.DLL
0x73000000 - 0x73026000 	C:\WINDOWS\system32\WINSPOOL.DRV
0x79B00000 - 0x79B52000 	C:\MATLAB701\bin\win32\udd_mi.dll
0x5B860000 - 0x5B8B4000 	C:\WINDOWS\system32\NETAPI32.dll
0x71AB0000 - 0x71AC7000 	C:\WINDOWS\system32\WS2_32.dll
0x71AA0000 - 0x71AA8000 	C:\WINDOWS\system32\WS2HELP.dll
0x790D0000 - 0x790D5000 	C:\MATLAB701\bin\win32\uinone.dll
0x79BD0000 - 0x79BD9000 	C:\MATLAB701\bin\win32\mlautoregister.dll
0x79AE0000 - 0x79AF1000 	C:\MATLAB701\bin\win32\mwoles05.dll
0x773D0000 - 0x774D2000 	C:\WINDOWS\WinSxS\x86_Microsoft.Windows.Common-Controls_6595b64144ccf1df_6.0.2600.2180_x-ww_a84f1ff9\comctl32.dll
0x794F0000 - 0x79508000 	C:\MATLAB701\bin\win32\mkl.dll
0x79630000 - 0x79A84000 	C:\MATLAB701\bin\win32\lapack.dll
0x7C040000 - 0x7C0B5000 	C:\MATLAB701\bin\win32\DFORRT.dll
0x7C300000 - 0x7C30E000 	C:\MATLAB701\bin\win32\MFC71ENU.DLL
0x5AD70000 - 0x5ADA8000 	C:\WINDOWS\system32\uxtheme.dll
0x74720000 - 0x7476B000 	C:\WINDOWS\system32\MSCTF.dll
0x69000000 - 0x69548000 	C:\WINDOWS\system32\atioglxx.dll
0x78100000 - 0x78238000 	C:\MATLAB701\sys\java\jre\win32\jre1.4.2_04\bin\client\jvm.dll
0x76B40000 - 0x76B6D000 	C:\WINDOWS\system32\WINMM.dll
0x6BD00000 - 0x6BD0D000 	C:\WINDOWS\system32\SYNCOR11.DLL
0x78240000 - 0x78247000 	C:\MATLAB701\sys\java\jre\win32\jre1.4.2_04\bin\hpi.dll
0x78250000 - 0x7825E000 	C:\MATLAB701\sys\java\jre\win32\jre1.4.2_04\bin\verify.dll
0x78260000 - 0x78279000 	C:\MATLAB701\sys\java\jre\win32\jre1.4.2_04\bin\java.dll
0x78280000 - 0x7828D000 	C:\MATLAB701\sys\java\jre\win32\jre1.4.2_04\bin\zip.dll
0x78290000 - 0x7839F000 	C:\MATLAB701\sys\java\jre\win32\jre1.4.2_04\bin\awt.dll
0x76390000 - 0x763AD000 	C:\WINDOWS\system32\IMM32.dll
0x783E0000 - 0x78430000 	C:\MATLAB701\sys\java\jre\win32\jre1.4.2_04\bin\fontmanager.dll
0x79D40000 - 0x79D52000 	C:\MATLAB701\bin\win32\jmi_mi.dll
0x0E010000 - 0x0E40F000 	C:\WINDOWS\resources\Themes\luna\luna.msstyles
0x0E620000 - 0x0E62A000 	C:\MATLAB701\bin\win32\nativejava.dll
0x7A800000 - 0x7A807000 	C:\MATLAB701\bin\win32\nativelex.dll
0x605D0000 - 0x605D9000 	C:\WINDOWS\system32\mslbui.dll
0x5E1F0000 - 0x5E213000 	C:\WINDOWS\System32\spool\DRIVERS\W32X86\3\PS5UI.DLL
0x78FF0000 - 0x7902F000 	C:\MATLAB701\bin\win32\libmwbuiltins.dll
0x7B980000 - 0x7BD29000 	C:\MATLAB701\bin\win32\mkl_p4.dll
0x7BD80000 - 0x7BDB3000 	C:\MATLAB701\bin\win32\libguide40.dll
0x77B40000 - 0x77B62000 	C:\WINDOWS\system32\appHelp.dll
0x76FD0000 - 0x7704F000 	C:\WINDOWS\system32\CLBCATQ.DLL
0x77050000 - 0x77115000 	C:\WINDOWS\system32\COMRes.dll
0x77920000 - 0x77A13000 	C:\WINDOWS\system32\SETUPAPI.dll
0x76990000 - 0x769B5000 	C:\WINDOWS\system32\ntshrui.dll
0x76B20000 - 0x76B31000 	C:\WINDOWS\system32\ATL.DLL
0x769C0000 - 0x76A73000 	C:\WINDOWS\system32\USERENV.dll
0x75F80000 - 0x7607C000 	C:\WINDOWS\System32\browseui.dll
0x77760000 - 0x778CC000 	C:\WINDOWS\System32\shdocvw.dll
0x77A80000 - 0x77B14000 	C:\WINDOWS\system32\CRYPT32.dll
0x77B20000 - 0x77B32000 	C:\WINDOWS\system32\MSASN1.dll
0x754D0000 - 0x75550000 	C:\WINDOWS\system32\CRYPTUI.dll
0x76C30000 - 0x76C5E000 	C:\WINDOWS\system32\WINTRUST.dll
0x771B0000 - 0x77256000 	C:\WINDOWS\system32\WININET.dll
0x76F60000 - 0x76F8C000 	C:\WINDOWS\system32\WLDAP32.dll
0x20000000 - 0x202C5000 	C:\WINDOWS\system32\xpsp2res.dll
0x7A810000 - 0x7A815000 	C:\MATLAB701\bin\win32\nativehg.dll
0x02CC0000 - 0x02CC8000 	C:\MATLAB701\toolbox\matlab\graph2d\private\lineseriesmex.dll
0x783A0000 - 0x783A5000 	C:\MATLAB701\sys\java\jre\win32\jre1.4.2_04\bin\jawt.dll
0x5E160000 - 0x5E1D4000 	C:\WINDOWS\System32\spool\DRIVERS\W32X86\3\PSCRIPT5.DLL
0x73B30000 - 0x73B44000 	C:\WINDOWS\system32\mscms.dll
0x02CB0000 - 0x02CB5000 	C:\MATLAB701\toolbox\matlab\datatypes\cellfun.dll
0x02DE0000 - 0x02DE6000 	C:\MATLAB701\toolbox\matlab\datafun\histc.dll
0x59A60000 - 0x59B01000 	C:\WINDOWS\system32\DBGHELP.dll
0x76BF0000 - 0x76BFB000 	C:\WINDOWS\system32\PSAPI.DLL

Heap at VM Abort:
Heap
 def new generation   total 5120K, used 887K [0x05540000, 0x05ac0000, 0x05e60000)
  eden space 4608K,   8% used [0x05540000, 0x0559dcf0, 0x059c0000)
  from space 512K, 100% used [0x059c0000, 0x05a40000, 0x05a40000)
  to   space 512K,   0% used [0x05a40000, 0x05a40000, 0x05ac0000)
 tenured generation   total 33408K, used 22823K [0x05e60000, 0x07f00000, 0x09540000)
   the space 33408K,  68% used [0x05e60000, 0x074a9d10, 0x074a9e00, 0x07f00000)
 compacting perm gen  total 15872K, used 15861K [0x09540000, 0x0a4c0000, 0x0d540000)
   the space 15872K,  99% used [0x09540000, 0x0a4bd7d8, 0x0a4bd800, 0x0a4c0000)

Local Time = Fri Dec 03 15:48:21 2004
Elapsed Time = 5369
#
# The exception above was detected in native code outside the VM
#
# Java VM: Java HotSpot(TM) Client VM (1.4.2_04-b05 mixed mode)
#
