#
# An unexpected error has been detected by HotSpot Virtual Machine:
#
#  EXCEPTION_ACCESS_VIOLATION (0xc0000005) at pc=0x6d0b108c, pid=3460, tid=4944
#
# Java VM: Java HotSpot(TM) Client VM (1.5.0-b64 mixed mode)
# Problematic frame:
# C  [awt.dll+0xb108c]
#

---------------  T H R E A D  ---------------

Current thread (0x0dbda410):  JavaThread "AWT-EventQueue-0" [_thread_in_native, id=4944]

siginfo: ExceptionCode=0xc0000005, reading address 0x00000018

Registers:
EAX=0x00000000, EBX=0x00000000, ECX=0x000d0396, EDX=0x0dbd87a8
ESP=0x0e1ff7e0, EBP=0x0e1ff830, ESI=0x0dd83490, EDI=0x0dbda4cc
EIP=0x6d0b108c, EFLAGS=0x00010206

Top of Stack: (sp=0x0e1ff7e0)
0x0e1ff7e0:   0dbda410 0c19a248 0c19a248 0360826f
0x0e1ff7f0:   0dbda4cc 0e1ff85c 0e1ff858 00000020
0x0e1ff800:   00ff0000 0000ff00 000000ff 00000000
0x0e1ff810:   00000000 0e1ff814 00000000 0e1ff85c
0x0e1ff820:   0c19b5e0 00000000 0c19a248 0e1ff840
0x0e1ff830:   0e1ff87c 03602923 00000000 03606449
0x0e1ff840:   00000000 00000000 000000ff 0000ff00
0x0e1ff850:   00ff0000 00000020 074f9b68 059f8b08 

Instructions: (pc=0x6d0b108c)
0x6d0b107c:   d2 ff ff 8b 4e 3c 89 86 c0 00 00 00 3b cb 74 25
0x6d0b108c:   8b 40 18 50 e8 5b 46 00 00 83 c4 04 85 c0 74 15 


Stack: [0x0e180000,0x0e200000),  sp=0x0e1ff7e0,  free space=509k
Native frames: (J=compiled Java code, j=interpreted, Vv=VM code, C=native code)
C  [awt.dll+0xb108c]
j  sun.awt.windows.Win32SurfaceData.<init>(Lsun/awt/windows/WComponentPeer;Lsun/java2d/loops/SurfaceType;I)V+191
j  sun.awt.windows.Win32SurfaceData.createData(Lsun/awt/windows/WComponentPeer;I)Lsun/awt/windows/Win32SurfaceData;+15
j  sun.awt.Win32GraphicsConfig.createSurfaceData(Lsun/awt/windows/WComponentPeer;I)Lsun/java2d/SurfaceData;+2
j  sun.awt.windows.WComponentPeer.replaceSurfaceData(I)V+59
j  sun.awt.windows.WComponentPeer.replaceSurfaceData()V+5
j  sun.awt.windows.WComponentPeer.displayChanged()V+1
j  sun.awt.windows.WCanvasPeer.displayChanged()V+9
j  sun.awt.windows.WPanelPeer.displayChanged()V+1
j  sun.awt.windows.WWindowPeer.displayChanged()V+59
j  sun.awt.SunDisplayChanger.notifyListeners()V+65
j  sun.awt.Win32GraphicsDevice.displayChanged()V+19
j  sun.awt.Win32GraphicsEnvironment.displayChanged()V+31
j  sun.awt.windows.WToolkit$4.run()V+6
J  java.awt.event.InvocationEvent.dispatch()V
J  java.awt.EventQueue.dispatchEvent(Ljava/awt/AWTEvent;)V
J  java.awt.EventDispatchThread.pumpOneEventForHierarchy(ILjava/awt/Component;)Z
v  ~RuntimeStub::alignment_frame_return Runtime1 stub
j  java.awt.EventDispatchThread.pumpEventsForHierarchy(ILjava/awt/Conditional;Ljava/awt/Component;)V+26
j  java.awt.EventDispatchThread.pumpEvents(ILjava/awt/Conditional;)V+4
j  java.awt.EventDispatchThread.pumpEvents(Ljava/awt/Conditional;)V+3
j  java.awt.EventDispatchThread.run()V+9
v  ~StubRoutines::call_stub
V  [jvm.dll+0x8168d]
V  [jvm.dll+0xd4179]
V  [jvm.dll+0x8155e]
V  [jvm.dll+0x812bb]
V  [jvm.dll+0x9bbe9]
V  [jvm.dll+0xfe77f]
V  [jvm.dll+0xfe74d]
C  [msvcrt.dll+0x2a3b0]
C  [kernel32.dll+0xb50b]

Java frames: (J=compiled Java code, j=interpreted, Vv=VM code)
j  sun.awt.windows.Win32SurfaceData.initOps(Lsun/awt/windows/WComponentPeer;IIIIII)V+0
j  sun.awt.windows.Win32SurfaceData.<init>(Lsun/awt/windows/WComponentPeer;Lsun/java2d/loops/SurfaceType;I)V+191
j  sun.awt.windows.Win32SurfaceData.createData(Lsun/awt/windows/WComponentPeer;I)Lsun/awt/windows/Win32SurfaceData;+15
j  sun.awt.Win32GraphicsConfig.createSurfaceData(Lsun/awt/windows/WComponentPeer;I)Lsun/java2d/SurfaceData;+2
j  sun.awt.windows.WComponentPeer.replaceSurfaceData(I)V+59
j  sun.awt.windows.WComponentPeer.replaceSurfaceData()V+5
j  sun.awt.windows.WComponentPeer.displayChanged()V+1
j  sun.awt.windows.WCanvasPeer.displayChanged()V+9
j  sun.awt.windows.WPanelPeer.displayChanged()V+1
j  sun.awt.windows.WWindowPeer.displayChanged()V+59
j  sun.awt.SunDisplayChanger.notifyListeners()V+65
j  sun.awt.Win32GraphicsDevice.displayChanged()V+19
j  sun.awt.Win32GraphicsEnvironment.displayChanged()V+31
j  sun.awt.windows.WToolkit$4.run()V+6
J  java.awt.event.InvocationEvent.dispatch()V
J  java.awt.EventQueue.dispatchEvent(Ljava/awt/AWTEvent;)V
J  java.awt.EventDispatchThread.pumpOneEventForHierarchy(ILjava/awt/Component;)Z
v  ~RuntimeStub::alignment_frame_return Runtime1 stub
j  java.awt.EventDispatchThread.pumpEventsForHierarchy(ILjava/awt/Conditional;Ljava/awt/Component;)V+26
j  java.awt.EventDispatchThread.pumpEvents(ILjava/awt/Conditional;)V+4
j  java.awt.EventDispatchThread.pumpEvents(Ljava/awt/Conditional;)V+3
j  java.awt.EventDispatchThread.run()V+9
v  ~StubRoutines::call_stub

---------------  P R O C E S S  ---------------

Java Threads: ( => current thread )
  0x0e23d618 JavaThread "Thread-15" [_thread_blocked, id=5972]
  0x0dcde928 JavaThread "Text-Layout" [_thread_blocked, id=2360]
  0x0dc55d00 JavaThread "Thread-13" [_thread_blocked, id=2864]
  0x0db1aeb8 JavaThread "Prefs Updater" [_thread_blocked, id=2452]
  0x0e21dde8 JavaThread "Timer-2" daemon [_thread_blocked, id=4664]
  0x0deeefe0 JavaThread "Timer-1" [_thread_blocked, id=5588]
  0x0dc34a18 JavaThread "TimerQueue" daemon [_thread_blocked, id=2716]
=>0x0dbda410 JavaThread "AWT-EventQueue-0" [_thread_in_native, id=4944]
  0x0dbda290 JavaThread "AWT-Shutdown" [_thread_blocked, id=5824]
  0x0db46bf8 JavaThread "Java2D Disposer" daemon [_thread_blocked, id=4972]
  0x0d938d50 JavaThread "Timer-0" [_thread_blocked, id=6124]
  0x0db1b2b0 JavaThread "AWT-Windows" daemon [_thread_in_native, id=4312]
  0x035c6560 JavaThread "Low Memory Detector" daemon [_thread_blocked, id=2424]
  0x035c51c8 JavaThread "CompilerThread0" daemon [_thread_blocked, id=5392]
  0x035c44c0 JavaThread "Signal Dispatcher" daemon [_thread_blocked, id=5752]
  0x035bb638 JavaThread "Finalizer" daemon [_thread_blocked, id=4412]
  0x035ba1a8 JavaThread "Reference Handler" daemon [_thread_blocked, id=4468]
  0x002ab260 JavaThread "main" [_thread_in_native, id=4072]

Other Threads:
  0x0357afa0 VMThread [id=4424]
  0x035c27f8 WatcherThread [id=3812]

VM state:not at safepoint (normal execution)

VM Mutex/Monitor currently owned by a thread: None

Heap
 def new generation   total 14784K, used 4354K [0x05600000, 0x06600000, 0x06e00000)
  eden space 13184K,  30% used [0x05600000, 0x059fc578, 0x062e0000)
  from space 1600K,  17% used [0x06470000, 0x064b44a0, 0x06600000)
  to   space 1600K,   0% used [0x062e0000, 0x062e0000, 0x06470000)
 tenured generation   total 49152K, used 30310K [0x06e00000, 0x09e00000, 0x0b600000)
   the space 49152K,  61% used [0x06e00000, 0x08b99810, 0x08b99a00, 0x09e00000)
 compacting perm gen  total 19712K, used 19575K [0x0b600000, 0x0c940000, 0x0d600000)
   the space 19712K,  99% used [0x0b600000, 0x0c91dd40, 0x0c91de00, 0x0c940000)
No shared spaces configured.

Dynamic libraries:
0x00400000 - 0x00506000 	C:\Program Files\MATLAB\R2006a\bin\win32\MATLAB.exe
0x7c900000 - 0x7c9b0000 	C:\WINDOWS\system32\ntdll.dll
0x7c800000 - 0x7c8f4000 	C:\WINDOWS\system32\kernel32.dll
0x78740000 - 0x78aa7000 	C:\Program Files\MATLAB\R2006a\bin\win32\m_interpreter.dll
0x78290000 - 0x78430000 	C:\Program Files\MATLAB\R2006a\bin\win32\xerces-c_2_6.dll
0x781f0000 - 0x78284000 	C:\Program Files\MATLAB\R2006a\bin\win32\icuuc32.dll
0x77dd0000 - 0x77e6b000 	C:\WINDOWS\system32\ADVAPI32.dll
0x77e70000 - 0x77f01000 	C:\WINDOWS\system32\RPCRT4.dll
0x10000000 - 0x10005000 	C:\Program Files\MATLAB\R2006a\bin\win32\icudt32.dll
0x7c340000 - 0x7c396000 	C:\Program Files\MATLAB\R2006a\bin\win32\MSVCR71.dll
0x78d20000 - 0x78d9b000 	C:\Program Files\MATLAB\R2006a\bin\win32\mlib.dll
0x78440000 - 0x784fa000 	C:\Program Files\MATLAB\R2006a\bin\win32\libut.dll
0x78100000 - 0x781aa000 	C:\Program Files\MATLAB\R2006a\bin\win32\icuin32.dll
0x781b0000 - 0x781bb000 	C:\Program Files\MATLAB\R2006a\bin\win32\icuio32.dll
0x7c3a0000 - 0x7c41b000 	C:\Program Files\MATLAB\R2006a\bin\win32\MSVCP71.dll
0x76c90000 - 0x76cb8000 	C:\WINDOWS\system32\imagehlp.dll
0x77c10000 - 0x77c68000 	C:\WINDOWS\system32\msvcrt.dll
0x77d40000 - 0x77dd0000 	C:\WINDOWS\system32\USER32.dll
0x77f10000 - 0x77f57000 	C:\WINDOWS\system32\GDI32.dll
0x774e0000 - 0x7761d000 	C:\WINDOWS\system32\ole32.dll
0x77120000 - 0x771ac000 	C:\WINDOWS\system32\OLEAUT32.dll
0x78dc0000 - 0x78fe1000 	C:\Program Files\MATLAB\R2006a\bin\win32\libmwservices.dll
0x763b0000 - 0x763f9000 	C:\WINDOWS\system32\comdlg32.dll
0x77f60000 - 0x77fd6000 	C:\WINDOWS\system32\SHLWAPI.dll
0x5d090000 - 0x5d127000 	C:\WINDOWS\system32\COMCTL32.dll
0x7c9c0000 - 0x7d1d5000 	C:\WINDOWS\system32\SHELL32.dll
0x78500000 - 0x78540000 	C:\Program Files\MATLAB\R2006a\bin\win32\libmx.dll
0x78430000 - 0x7843e000 	C:\Program Files\MATLAB\R2006a\bin\win32\libz.dll
0x00220000 - 0x0027e000 	C:\Program Files\MATLAB\R2006a\bin\win32\libmwmathutil.dll
0x78570000 - 0x7858a000 	C:\Program Files\MATLAB\R2006a\bin\win32\mpath.dll
0x5b860000 - 0x5b8b4000 	C:\WINDOWS\system32\NETAPI32.dll
0x71ab0000 - 0x71ac7000 	C:\WINDOWS\system32\WS2_32.dll
0x71aa0000 - 0x71aa8000 	C:\WINDOWS\system32\WS2HELP.dll
0x78cd0000 - 0x78ce4000 	C:\Program Files\MATLAB\R2006a\bin\win32\m_pcodegen.dll
0x78c50000 - 0x78ccc000 	C:\Program Files\MATLAB\R2006a\bin\win32\m_ir.dll
0x78540000 - 0x7854f000 	C:\Program Files\MATLAB\R2006a\bin\win32\libmex.dll
0x786d0000 - 0x78740000 	C:\Program Files\MATLAB\R2006a\bin\win32\m_dispatcher.dll
0x78da0000 - 0x78db6000 	C:\Program Files\MATLAB\R2006a\bin\win32\datasvcs.dll
0x78560000 - 0x7856e000 	C:\Program Files\MATLAB\R2006a\bin\win32\mvalue.dll
0x78cf0000 - 0x78d04000 	C:\Program Files\MATLAB\R2006a\bin\win32\m_pcodeio.dll
0x78ab0000 - 0x78c47000 	C:\Program Files\MATLAB\R2006a\bin\win32\m_parser.dll
0x78d10000 - 0x78d1d000 	C:\Program Files\MATLAB\R2006a\bin\win32\ir_xfmr.dll
0x78590000 - 0x78632000 	C:\Program Files\MATLAB\R2006a\bin\win32\mcos.dll
0x78550000 - 0x7855e000 	C:\Program Files\MATLAB\R2006a\bin\win32\libmat.dll
0x793f0000 - 0x7940d000 	C:\Program Files\MATLAB\R2006a\bin\win32\mcr.dll
0x79ce0000 - 0x79d1b000 	C:\Program Files\MATLAB\R2006a\bin\win32\comcli.dll
0x79cb0000 - 0x79cdb000 	C:\Program Files\MATLAB\R2006a\bin\win32\jmi.dll
0x79d70000 - 0x79d90000 	C:\Program Files\MATLAB\R2006a\bin\win32\bridge.dll
0x78640000 - 0x786c3000 	C:\Program Files\MATLAB\R2006a\bin\win32\udd.dll
0x790e0000 - 0x79158000 	C:\Program Files\MATLAB\R2006a\bin\win32\uiw.dll
0x79160000 - 0x79183000 	C:\Program Files\MATLAB\R2006a\bin\win32\libuij.dll
0x791a0000 - 0x7923d000 	C:\Program Files\MATLAB\R2006a\bin\win32\libmwgui.dll
0x79190000 - 0x79199000 	C:\Program Files\MATLAB\R2006a\bin\win32\uinone.dll
0x793c0000 - 0x793eb000 	C:\Program Files\MATLAB\R2006a\bin\win32\libmwhardcopy.dll
0x7c140000 - 0x7c243000 	C:\Program Files\MATLAB\R2006a\bin\win32\MFC71.DLL
0x73000000 - 0x73026000 	C:\WINDOWS\system32\WINSPOOL.DRV
0x7c120000 - 0x7c139000 	C:\Program Files\MATLAB\R2006a\bin\win32\ATL71.DLL
0x79c40000 - 0x79c50000 	C:\Program Files\MATLAB\R2006a\bin\win32\mwoles05.dll
0x79c50000 - 0x79ca5000 	C:\Program Files\MATLAB\R2006a\bin\win32\udd_mi.dll
0x79d20000 - 0x79d29000 	C:\Program Files\MATLAB\R2006a\bin\win32\mlautoregister.dll
0x79240000 - 0x79397000 	C:\Program Files\MATLAB\R2006a\bin\win32\hg.dll
0x79410000 - 0x79582000 	C:\Program Files\MATLAB\R2006a\bin\win32\numerics.dll
0x79b80000 - 0x79b87000 	C:\Program Files\MATLAB\R2006a\bin\win32\libmwamd.dll
0x79b90000 - 0x79bc9000 	C:\Program Files\MATLAB\R2006a\bin\win32\libmwcholmod.dll
0x79bd0000 - 0x79bd6000 	C:\Program Files\MATLAB\R2006a\bin\win32\libmwcolamd.dll
0x79590000 - 0x795b3000 	C:\Program Files\MATLAB\R2006a\bin\win32\libmwlapack.dll
0x795f0000 - 0x79676000 	C:\Program Files\MATLAB\R2006a\bin\win32\libfftw3.dll
0x79680000 - 0x79701000 	C:\Program Files\MATLAB\R2006a\bin\win32\libfftw3f.dll
0x79be0000 - 0x79c35000 	C:\Program Files\MATLAB\R2006a\bin\win32\libmwumfpack.dll
0x773d0000 - 0x774d2000 	C:\WINDOWS\WinSxS\x86_Microsoft.Windows.Common-Controls_6595b64144ccf1df_6.0.2600.2180_x-ww_a84f1ff9\comctl32.dll
0x7c300000 - 0x7c30e000 	C:\Program Files\MATLAB\R2006a\bin\win32\MFC71ENU.DLL
0x795c0000 - 0x795e8000 	C:\Program Files\MATLAB\R2006a\bin\win32\mkl.dll
0x79710000 - 0x79b7f000 	C:\Program Files\MATLAB\R2006a\bin\win32\lapack.dll
0x01e40000 - 0x01eea000 	C:\Program Files\MATLAB\R2006a\bin\win32\libifcoremd.dll
0x01ef0000 - 0x02120000 	C:\Program Files\MATLAB\R2006a\bin\win32\libmmd.dll
0x5ad70000 - 0x5ada8000 	C:\WINDOWS\system32\uxtheme.dll
0x74290000 - 0x74294000 	C:\WINDOWS\system32\icmp.Dll
0x76d60000 - 0x76d79000 	C:\WINDOWS\system32\iphlpapi.dll
0x651b0000 - 0x651d2000 	C:\PROGRA~1\COMMON~1\SYMANT~1\ANTISPAM\ASOEHOOK.DLL
0x6af90000 - 0x6afee000 	C:\Program Files\Common Files\Symantec Shared\ccL40.dll
0x6d640000 - 0x6d7c5000 	C:\Program Files\MATLAB\R2006a\sys\java\jre\win32\jre1.5.0\bin\client\jvm.dll
0x76b40000 - 0x76b6d000 	C:\WINDOWS\system32\WINMM.dll
0x6d280000 - 0x6d288000 	C:\Program Files\MATLAB\R2006a\sys\java\jre\win32\jre1.5.0\bin\hpi.dll
0x76bf0000 - 0x76bfb000 	C:\WINDOWS\system32\PSAPI.DLL
0x6d610000 - 0x6d61c000 	C:\Program Files\MATLAB\R2006a\sys\java\jre\win32\jre1.5.0\bin\verify.dll
0x6d300000 - 0x6d31d000 	C:\Program Files\MATLAB\R2006a\sys\java\jre\win32\jre1.5.0\bin\java.dll
0x6d630000 - 0x6d63f000 	C:\Program Files\MATLAB\R2006a\sys\java\jre\win32\jre1.5.0\bin\zip.dll
0x79d90000 - 0x79da2000 	C:\Program Files\MATLAB\R2006a\bin\win32\jmi_mi.dll
0x6d000000 - 0x6d166000 	C:\Program Files\MATLAB\R2006a\sys\java\jre\win32\jre1.5.0\bin\awt.dll
0x76390000 - 0x763ad000 	C:\WINDOWS\system32\IMM32.dll
0x7ac00000 - 0x7ac0c000 	C:\Program Files\MATLAB\R2006a\bin\win32\nativejava.dll
0x6d240000 - 0x6d27d000 	C:\Program Files\MATLAB\R2006a\sys\java\jre\win32\jre1.5.0\bin\fontmanager.dll
0x6d4c0000 - 0x6d4d3000 	C:\Program Files\MATLAB\R2006a\sys\java\jre\win32\jre1.5.0\bin\net.dll
0x6d4e0000 - 0x6d4e9000 	C:\Program Files\MATLAB\R2006a\sys\java\jre\win32\jre1.5.0\bin\nio.dll
0x024c0000 - 0x024c5000 	C:\Program Files\MATLAB\R2006a\bin\win32\nativeservices.dll
0x7ac10000 - 0x7ac1c000 	C:\Program Files\MATLAB\R2006a\bin\win32\nativelex.dll
0x60600000 - 0x60682000 	C:\WINDOWS\System32\spool\DRIVERS\W32X86\3\hpzpm312.dll
0x78ff0000 - 0x790d8000 	C:\Program Files\MATLAB\R2006a\bin\win32\libmwbuiltins.dll
0x77c00000 - 0x77c08000 	C:\WINDOWS\system32\VERSION.dll
0x03210000 - 0x03263000 	C:\Program Files\MATLAB\R2006a\bin\win32\xmlcore.dll
0x77b40000 - 0x77b62000 	C:\WINDOWS\system32\appHelp.dll
0x76fd0000 - 0x7704f000 	C:\WINDOWS\system32\CLBCATQ.DLL
0x77050000 - 0x77115000 	C:\WINDOWS\system32\COMRes.dll
0x75f80000 - 0x7607d000 	C:\WINDOWS\system32\browseui.dll
0x77920000 - 0x77a13000 	C:\WINDOWS\system32\SETUPAPI.dll
0x76990000 - 0x769b5000 	C:\WINDOWS\system32\ntshrui.dll
0x76b20000 - 0x76b31000 	C:\WINDOWS\system32\ATL.DLL
0x769c0000 - 0x76a73000 	C:\WINDOWS\system32\USERENV.dll
0x77760000 - 0x778d0000 	C:\WINDOWS\system32\shdocvw.dll
0x77a80000 - 0x77b14000 	C:\WINDOWS\system32\CRYPT32.dll
0x77b20000 - 0x77b32000 	C:\WINDOWS\system32\MSASN1.dll
0x754d0000 - 0x75550000 	C:\WINDOWS\system32\CRYPTUI.dll
0x76c30000 - 0x76c5e000 	C:\WINDOWS\system32\WINTRUST.dll
0x771b0000 - 0x77259000 	C:\WINDOWS\system32\WININET.dll
0x76f60000 - 0x76f8c000 	C:\WINDOWS\system32\WLDAP32.dll
0x20000000 - 0x202c5000 	C:\WINDOWS\system32\xpsp2res.dll
0x111b0000 - 0x111b9000 	C:\Program Files\MATLAB\R2006a\bin\win32\nativemlint.dll
0x111c0000 - 0x111e5000 	C:\Program Files\MATLAB\R2006a\bin\win32\mwmlint.dll
0x7ac20000 - 0x7ac39000 	C:\Program Files\MATLAB\R2006a\bin\win32\nativehg.dll
0x03360000 - 0x03369000 	C:\Program Files\MATLAB\R2006a\toolbox\matlab\graph2d\private\lineseriesmex.mexw32
0x6d360000 - 0x6d366000 	C:\Program Files\MATLAB\R2006a\sys\java\jre\win32\jre1.5.0\bin\jawt.dll
0x032f0000 - 0x032f6000 	C:\Program Files\MATLAB\R2006a\toolbox\matlab\datafun\histc.mexw32

VM Arguments:
jvm_args: -Xss512k -XX:PermSize=16M -Xms64m -Xmx96m -XX:NewRatio=3 -XX:MaxPermSize=32M -Dsun.java2d.noddraw=true -Dsun.awt.nopixfmt=true -Xshare:off -Djava.library.path=C:\Program Files\MATLAB\R2006a\bin\win32 vfprintf abort
java_command: <unknown>

Environment Variables:
PATH=C:\WINDOWS\system32;C:\WINDOWS;C:\WINDOWS\system32\wbem;c:\program files\intel\wireless\bin;c:\program files\microsoft office\office11\business contact manager\im;c:\program files\microsoft sql server\80\tools\binn\;c:\program files\microsoft office\office11\business contact manager\;C:\Program Files\MATLAB\R2006a\bin\win32;
USERNAME=Beat
OS=Windows_NT
PROCESSOR_IDENTIFIER=x86 Family 6 Model 14 Stepping 8, GenuineIntel


---------------  S Y S T E M  ---------------

OS: Windows XP Build 2600 Service Pack 2

CPU:total 2 family 6, cmov, cx8, fxsr, mmx, sse, sse2, ht

Memory: 4k page, physical 1046508k(434820k free), swap 2518144k(1946804k free)

vm_info: Java HotSpot(TM) Client VM (1.5.0-b64) for windows-x86, built on Sep 15 2004 03:00:31 by "java_re" with MS VC++ 6.0

